<?xml version="1.0" encoding="UTF-8"?>
<!-- Generated by org.testng.reporters.JUnitReportReporter -->
<testsuite hostname="DESKTOP-M47CIAF" failures="0" tests="1" name="Utilities.DataProviders" time="1.153" errors="0" timestamp="2024-10-16T17:27:10 IST" skipped="0">
  <testcase classname="Utilities.DataProviders" name="resgistrationTestData" time="1.153"/>
</testsuite> <!-- Utilities.DataProviders -->
