<?xml version="1.0" encoding="UTF-8"?>
<!-- Generated by org.testng.reporters.JUnitReportReporter -->
<testsuite hostname="DESKTOP-M47CIAF" failures="0" tests="6" name="testCases.TC004_Opencart_RegistrationDDT_Test" time="12.920" errors="0" timestamp="2024-10-18T16:34:19 IST" skipped="0">
  <testcase classname="testCases.TC004_Opencart_RegistrationDDT_Test" name="resgistrationDDTTest" time="2.671"/>
  <testcase classname="testCases.TC004_Opencart_RegistrationDDT_Test" name="resgistrationDDTTest" time="1.767"/>
  <testcase classname="testCases.TC004_Opencart_RegistrationDDT_Test" name="resgistrationDDTTest" time="2.800"/>
  <testcase classname="testCases.TC004_Opencart_RegistrationDDT_Test" name="resgistrationDDTTest" time="1.798"/>
  <testcase classname="testCases.TC004_Opencart_RegistrationDDT_Test" name="resgistrationDDTTest" time="1.969"/>
  <testcase classname="testCases.TC004_Opencart_RegistrationDDT_Test" name="resgistrationDDTTest" time="1.915"/>
</testsuite> <!-- testCases.TC004_Opencart_RegistrationDDT_Test -->
