<?xml version="1.0" encoding="UTF-8"?>
<!-- Generated by org.testng.reporters.JUnitReportReporter -->
<testsuite hostname="DESKTOP-M47CIAF" failures="0" tests="1" name="testCases.Tc001_Opencart_Registration_Test" time="1.435" errors="0" timestamp="2024-10-18T16:34:19 IST" skipped="0">
  <testcase classname="testCases.Tc001_Opencart_Registration_Test" name="registrationTest" time="1.435"/>
</testsuite> <!-- testCases.Tc001_Opencart_Registration_Test -->
